Using pre-set license
Built from '2020.3/release' branch; Version is '2020.3.7f1 (dd97f2c94397) revision 14522354'; Using compiler version '192528614'; Build Type 'Release'
OS: 'Windows 10 Home; OS build 19041.985; Version 2004; 64bit' Language: 'ja' Physical Memory: 15789 MB
BatchMode: 1, IsHumanControllingUs: 0, StartBugReporterOnCrash: 0, Is64bit: 1, IsPro: 0

 COMMAND LINE ARGUMENTS:
C:\Unity\2020.3.7f1\Editor\Unity.exe
-adb2
-batchMode
-noUpm
-name
AssetImportWorker0
-projectPath
C:/SOKKO_GIT/SOKKO/AAAAAAAAAAAA_01
-logFile
Logs/AssetImportWorker0.log
-srvPort
62411
Successfully changed project path to: C:/SOKKO_GIT/SOKKO/AAAAAAAAAAAA_01
C:/SOKKO_GIT/SOKKO/AAAAAAAAAAAA_01
Using Asset Import Pipeline V2.
Refreshing native plugins compatible for Editor in 19.12 ms, found 0 plugins.
Preloading 0 native plugins for Editor in 0.00 ms.
Initialize engine version: 2020.3.7f1 (dd97f2c94397)
[Subsystems] Discovering subsystems at path C:/Unity/2020.3.7f1/Editor/Data/Resources/UnitySubsystems
[Subsystems] Discovering subsystems at path C:/SOKKO_GIT/SOKKO/AAAAAAAAAAAA_01/Assets
GfxDevice: creating device client; threaded=0
Direct3D:
    Version:  Direct3D 11.0 [level 11.1]
    Renderer: NVIDIA GeForce RTX 2060 with Max-Q Design (ID=0x1f12)
    Vendor:   
    VRAM:     5980 MB
    Driver:   27.21.14.6611
Initialize mono
Mono path[0] = 'C:/Unity/2020.3.7f1/Editor/Data/Managed'
Mono path[1] = 'C:/Unity/2020.3.7f1/Editor/Data/MonoBleedingEdge/lib/mono/unityjit'
Mono config path = 'C:/Unity/2020.3.7f1/Editor/Data/MonoBleedingEdge/etc'
Using monoOptions --debugger-agent=transport=dt_socket,embedding=1,server=y,suspend=n,address=127.0.0.1:56608
Begin MonoManager ReloadAssembly
Registering precompiled unity dll's ...
Register platform support module: C:/Unity/2020.3.7f1/Editor/Data/PlaybackEngines/MacStandaloneSupport/UnityEditor.OSXStandalone.Extensions.dll
Register platform support module: C:/Unity/2020.3.7f1/Editor/Data/PlaybackEngines/WindowsStandaloneSupport/UnityEditor.WindowsStandalone.Extensions.dll
Registered in 0.002519 seconds.
Native extension for WindowsStandalone target not found
Native extension for OSXStandalone target not found
Refreshing native plugins compatible for Editor in 21.42 ms, found 0 plugins.
Preloading 0 native plugins for Editor in 0.00 ms.
Mono: successfully reloaded assembly
- Completed reload, in  0.980 seconds
Platform modules already initialized, skipping
Registering precompiled user dll's ...
Registered in 0.001237 seconds.
Begin MonoManager ReloadAssembly
Native extension for WindowsStandalone target not found
Native extension for OSXStandalone target not found
Refreshing native plugins compatible for Editor in 0.19 ms, found 0 plugins.
Preloading 0 native plugins for Editor in 0.00 ms.
Mono: successfully reloaded assembly
- Completed reload, in  0.697 seconds
Platform modules already initialized, skipping
========================================================================
Worker process is ready to serve import requests
Launched and connected shader compiler UnityShaderCompiler.exe after 0.05 seconds
Refreshing native plugins compatible for Editor in 0.19 ms, found 0 plugins.
Preloading 0 native plugins for Editor in 0.00 ms.
Unloading 1115 Unused Serialized files (Serialized files now loaded: 0)
System memory in use before: 56.9 MB.
System memory in use after: 57.0 MB.

Unloading 9 unused Assets to reduce memory usage. Loaded Objects now: 1558.
Total: 2.001100 ms (FindLiveObjects: 0.273800 ms CreateObjectMapping: 0.039200 ms MarkObjects: 1.609100 ms  DeleteObjects: 0.077200 ms)

========================================================================
Received Import Request.
  path: Assets/Scenes
  artifactKey: Guid(4ddde779cf1dd96459cbd718ae91942e) Importer(815301076,1909f56bfc062723c751e8b465ee728b)
Start importing Assets/Scenes using Guid(4ddde779cf1dd96459cbd718ae91942e) Importer(815301076,1909f56bfc062723c751e8b465ee728b)  -> (artifact id: '30acbe3de102cfc67ba3a5ae306a11d6') in 0.008485 seconds
  Import took 0.010537 seconds .

========================================================================
Received Import Request.
  Time since last request: 0.000350 seconds.
  path: Assets/Scenes/SampleScene.unity
  artifactKey: Guid(9fc0d4010bbf28b4594072e72b8655ab) Importer(815301076,1909f56bfc062723c751e8b465ee728b)
Start importing Assets/Scenes/SampleScene.unity using Guid(9fc0d4010bbf28b4594072e72b8655ab) Importer(815301076,1909f56bfc062723c751e8b465ee728b)  -> (artifact id: '92a06245d9f63a37d1a10fcc5abca814') in 0.011756 seconds
  Import took 0.013765 seconds .

========================================================================
Received Import Request.
  Time since last request: 21.124497 seconds.
  path: Assets/Scenes/Scene_01.unity
  artifactKey: Guid(63c77bdf11571634295d14156ecaac58) Importer(815301076,1909f56bfc062723c751e8b465ee728b)
Start importing Assets/Scenes/Scene_01.unity using Guid(63c77bdf11571634295d14156ecaac58) Importer(815301076,1909f56bfc062723c751e8b465ee728b)  -> (artifact id: '6d2c36dc2262ccd0fa6babac8e6e5741') in 0.008072 seconds
  Import took 0.010317 seconds .

========================================================================
Received Import Request.
  Time since last request: 0.003185 seconds.
  path: Assets/Scenes/Scene_01.unity
  artifactKey: Guid(63c77bdf11571634295d14156ecaac58) Importer(815301076,1909f56bfc062723c751e8b465ee728b)
Start importing Assets/Scenes/Scene_01.unity using Guid(63c77bdf11571634295d14156ecaac58) Importer(815301076,1909f56bfc062723c751e8b465ee728b)  -> (artifact id: '6d2c36dc2262ccd0fa6babac8e6e5741') in 0.002726 seconds
  Import took 0.004890 seconds .

========================================================================
Received Import Request.
  Time since last request: 8.901455 seconds.
  path: Assets/Scenes/Scene_02.unity
  artifactKey: Guid(9fc0d4010bbf28b4594072e72b8655ab) Importer(815301076,1909f56bfc062723c751e8b465ee728b)
Start importing Assets/Scenes/Scene_02.unity using Guid(9fc0d4010bbf28b4594072e72b8655ab) Importer(815301076,1909f56bfc062723c751e8b465ee728b)  -> (artifact id: '0340e59ca8e0e6915ffd89bdf4f45d74') in 0.007359 seconds
  Import took 0.010112 seconds .

========================================================================
Received Import Request.
  Time since last request: 15.055427 seconds.
  path: Assets/Scenes/Scene_02.unity
  artifactKey: Guid(9fc0d4010bbf28b4594072e72b8655ab) Importer(815301076,1909f56bfc062723c751e8b465ee728b)
Start importing Assets/Scenes/Scene_02.unity using Guid(9fc0d4010bbf28b4594072e72b8655ab) Importer(815301076,1909f56bfc062723c751e8b465ee728b)  -> (artifact id: 'fe98b605d8c546d39dbccdcfe2ab6e15') in 0.003020 seconds
  Import took 0.005253 seconds .

========================================================================
Received Import Request.
  Time since last request: 2.175836 seconds.
  path: Assets/Scenes/Scene_01.unity
  artifactKey: Guid(63c77bdf11571634295d14156ecaac58) Importer(815301076,1909f56bfc062723c751e8b465ee728b)
Start importing Assets/Scenes/Scene_01.unity using Guid(63c77bdf11571634295d14156ecaac58) Importer(815301076,1909f56bfc062723c751e8b465ee728b)  -> (artifact id: '920f48e4015f046b860269dcd652e92d') in 0.002871 seconds
  Import took 0.005569 seconds .

AssetImportWorkerClient::OnTransportError - code=2 error=End of file
