Using pre-set license
Built from '2020.3/release' branch; Version is '2020.3.7f1 (dd97f2c94397) revision 14522354'; Using compiler version '192528614'; Build Type 'Release'
OS: 'Windows 10 Home; OS build 19041.985; Version 2004; 64bit' Language: 'ja' Physical Memory: 15789 MB
BatchMode: 1, IsHumanControllingUs: 0, StartBugReporterOnCrash: 0, Is64bit: 1, IsPro: 0

 COMMAND LINE ARGUMENTS:
C:\Unity\2020.3.7f1\Editor\Unity.exe
-adb2
-batchMode
-noUpm
-name
AssetImportWorker0
-projectPath
C:/SOKKO_GIT/SOKKO/Prototype
-logFile
Logs/AssetImportWorker0.log
-srvPort
59058
Successfully changed project path to: C:/SOKKO_GIT/SOKKO/Prototype
C:/SOKKO_GIT/SOKKO/Prototype
Using Asset Import Pipeline V2.
Refreshing native plugins compatible for Editor in 26.30 ms, found 2 plugins.
Preloading 0 native plugins for Editor in 0.00 ms.
Initialize engine version: 2020.3.7f1 (dd97f2c94397)
[Subsystems] Discovering subsystems at path C:/Unity/2020.3.7f1/Editor/Data/Resources/UnitySubsystems
[Subsystems] Discovering subsystems at path C:/SOKKO_GIT/SOKKO/Prototype/Assets
GfxDevice: creating device client; threaded=0
Direct3D:
    Version:  Direct3D 11.0 [level 11.1]
    Renderer: NVIDIA GeForce RTX 2060 with Max-Q Design (ID=0x1f12)
    Vendor:   
    VRAM:     5980 MB
    Driver:   27.21.14.6611
Initialize mono
Mono path[0] = 'C:/Unity/2020.3.7f1/Editor/Data/Managed'
Mono path[1] = 'C:/Unity/2020.3.7f1/Editor/Data/MonoBleedingEdge/lib/mono/unityjit'
Mono config path = 'C:/Unity/2020.3.7f1/Editor/Data/MonoBleedingEdge/etc'
Using monoOptions --debugger-agent=transport=dt_socket,embedding=1,server=y,suspend=n,address=127.0.0.1:56288
Begin MonoManager ReloadAssembly
Registering precompiled unity dll's ...
Register platform support module: C:/Unity/2020.3.7f1/Editor/Data/PlaybackEngines/MacStandaloneSupport/UnityEditor.OSXStandalone.Extensions.dll
Register platform support module: C:/Unity/2020.3.7f1/Editor/Data/PlaybackEngines/WindowsStandaloneSupport/UnityEditor.WindowsStandalone.Extensions.dll
Registered in 0.002473 seconds.
Native extension for WindowsStandalone target not found
Native extension for OSXStandalone target not found
Refreshing native plugins compatible for Editor in 25.09 ms, found 2 plugins.
Preloading 0 native plugins for Editor in 0.00 ms.
Mono: successfully reloaded assembly
- Completed reload, in  0.973 seconds
Platform modules already initialized, skipping
Registering precompiled user dll's ...
Registered in 0.004611 seconds.
Begin MonoManager ReloadAssembly
Native extension for WindowsStandalone target not found
Native extension for OSXStandalone target not found
Refreshing native plugins compatible for Editor in 0.32 ms, found 2 plugins.
Preloading 0 native plugins for Editor in 0.00 ms.
Mono: successfully reloaded assembly
- Completed reload, in  0.855 seconds
Platform modules already initialized, skipping
========================================================================
Worker process is ready to serve import requests
Launched and connected shader compiler UnityShaderCompiler.exe after 0.05 seconds
Refreshing native plugins compatible for Editor in 0.28 ms, found 2 plugins.
Preloading 0 native plugins for Editor in 0.00 ms.
Unloading 1393 Unused Serialized files (Serialized files now loaded: 0)
System memory in use before: 64.7 MB.
System memory in use after: 64.8 MB.

Unloading 18 unused Assets to reduce memory usage. Loaded Objects now: 1827.
Total: 2.221800 ms (FindLiveObjects: 0.209200 ms CreateObjectMapping: 0.061300 ms MarkObjects: 1.858800 ms  DeleteObjects: 0.091000 ms)

========================================================================
Received Import Request.
  path: Assets/3rdPerson+Fly/Models/char_shadow.fbx
  artifactKey: Guid(fa0856ce0c0b3fb42af36e6c53346129) Importer(815301076,1909f56bfc062723c751e8b465ee728b)
Start importing Assets/3rdPerson+Fly/Models/char_shadow.fbx using Guid(fa0856ce0c0b3fb42af36e6c53346129) Importer(815301076,1909f56bfc062723c751e8b465ee728b)  -> (artifact id: '961e53c3f1f94b368690b59a27850435') in 0.359347 seconds
  Import took 0.362206 seconds .

========================================================================
Received Import Request.
  Time since last request: 0.000256 seconds.
  path: Assets/3rdPerson+Fly/Models/env.fbx
  artifactKey: Guid(43060da07e259604d8ac81b964f96459) Importer(815301076,1909f56bfc062723c751e8b465ee728b)
Start importing Assets/3rdPerson+Fly/Models/env.fbx using Guid(43060da07e259604d8ac81b964f96459) Importer(815301076,1909f56bfc062723c751e8b465ee728b)  -> (artifact id: '7775cb860e6d0a9e9d2c9f3bd2fb3de3') in 0.021789 seconds
  Import took 0.024740 seconds .

========================================================================
Received Import Request.
  Time since last request: 0.002587 seconds.
  path: Assets/3rdPerson+Fly/Models/env.fbx
  artifactKey: Guid(43060da07e259604d8ac81b964f96459) Importer(815301076,1909f56bfc062723c751e8b465ee728b)
Start importing Assets/3rdPerson+Fly/Models/env.fbx using Guid(43060da07e259604d8ac81b964f96459) Importer(815301076,1909f56bfc062723c751e8b465ee728b)  -> (artifact id: '7775cb860e6d0a9e9d2c9f3bd2fb3de3') in 0.020286 seconds
  Import took 0.022647 seconds .

========================================================================
Received Import Request.
  Time since last request: 38.962572 seconds.
  path: Assets/LowPoly Rocks/FBX/Ground/Rock1.fbx
  artifactKey: Guid(532788c369e551d44a067aa3c8bb182c) Importer(815301076,1909f56bfc062723c751e8b465ee728b)
Start importing Assets/LowPoly Rocks/FBX/Ground/Rock1.fbx using Guid(532788c369e551d44a067aa3c8bb182c) Importer(815301076,1909f56bfc062723c751e8b465ee728b)  -> (artifact id: '82378581018ca9e6259ed85e1794bef7') in 0.022496 seconds
  Import took 0.025559 seconds .

========================================================================
Received Import Request.
  Time since last request: 0.000279 seconds.
  path: Assets/LowPoly Rocks/FBX/Ground/Rock7.fbx
  artifactKey: Guid(60c9c19ace4c522459fb5d2243213bd5) Importer(815301076,1909f56bfc062723c751e8b465ee728b)
Start importing Assets/LowPoly Rocks/FBX/Ground/Rock7.fbx using Guid(60c9c19ace4c522459fb5d2243213bd5) Importer(815301076,1909f56bfc062723c751e8b465ee728b)  -> (artifact id: '1ac6f1ec3001f8a5ffecbc35dee099a2') in 0.016980 seconds
  Import took 0.019514 seconds .

========================================================================
Received Import Request.
  Time since last request: 0.000288 seconds.
  path: Assets/LowPoly Rocks/FBX/Stalagmites/Stalagmite2.fbx
  artifactKey: Guid(84e5b8f39f5731e4989a1989b31048ce) Importer(815301076,1909f56bfc062723c751e8b465ee728b)
Start importing Assets/LowPoly Rocks/FBX/Stalagmites/Stalagmite2.fbx using Guid(84e5b8f39f5731e4989a1989b31048ce) Importer(815301076,1909f56bfc062723c751e8b465ee728b)  -> (artifact id: '1270ab357f8438a8f542f08e95fce2b6') in 0.016038 seconds
  Import took 0.018154 seconds .

========================================================================
Received Import Request.
  Time since last request: 0.000230 seconds.
  path: Assets/LowPoly Rocks/FBX/Ground/Rock3.fbx
  artifactKey: Guid(f7f380d766b49b542be8acff1609e991) Importer(815301076,1909f56bfc062723c751e8b465ee728b)
Start importing Assets/LowPoly Rocks/FBX/Ground/Rock3.fbx using Guid(f7f380d766b49b542be8acff1609e991) Importer(815301076,1909f56bfc062723c751e8b465ee728b)  -> (artifact id: 'ef6ba2a74f67bd20f58268935570018d') in 0.015791 seconds
  Import took 0.017754 seconds .

========================================================================
Received Import Request.
  Time since last request: 0.000246 seconds.
  path: Assets/LowPoly Rocks/FBX/Ground/Rock10.fbx
  artifactKey: Guid(a0071168e779c6a4591fac5de3ee9957) Importer(815301076,1909f56bfc062723c751e8b465ee728b)
Start importing Assets/LowPoly Rocks/FBX/Ground/Rock10.fbx using Guid(a0071168e779c6a4591fac5de3ee9957) Importer(815301076,1909f56bfc062723c751e8b465ee728b)  -> (artifact id: 'cce8e59833d5e0d4c108df4a6e0dd44e') in 0.014862 seconds
  Import took 0.016934 seconds .

========================================================================
Received Import Request.
  Time since last request: 0.000329 seconds.
  path: Assets/LowPoly Rocks/FBX/Ground/Rock9.fbx
  artifactKey: Guid(8beff6b3bf60d5940abef1e0eb42fb70) Importer(815301076,1909f56bfc062723c751e8b465ee728b)
Start importing Assets/LowPoly Rocks/FBX/Ground/Rock9.fbx using Guid(8beff6b3bf60d5940abef1e0eb42fb70) Importer(815301076,1909f56bfc062723c751e8b465ee728b)  -> (artifact id: 'ab2a442ceaf641c873960736ad499209') in 0.017153 seconds
  Import took 0.020157 seconds .

========================================================================
Received Import Request.
  Time since last request: 0.000247 seconds.
  path: Assets/LowPoly Rocks/FBX/Stalagmites/Stalagmite5.fbx
  artifactKey: Guid(cfc17eed5b947134a9ba4f81f110afd9) Importer(815301076,1909f56bfc062723c751e8b465ee728b)
Start importing Assets/LowPoly Rocks/FBX/Stalagmites/Stalagmite5.fbx using Guid(cfc17eed5b947134a9ba4f81f110afd9) Importer(815301076,1909f56bfc062723c751e8b465ee728b)  -> (artifact id: 'a15303f625e90bb6d40a4a7bf56875d9') in 0.016486 seconds
  Import took 0.018785 seconds .

========================================================================
Received Import Request.
  Time since last request: 0.000227 seconds.
  path: Assets/LowPoly Rocks/FBX/Ground/Rock11.fbx
  artifactKey: Guid(f5eb667268ae2ed40a94e47752030ce5) Importer(815301076,1909f56bfc062723c751e8b465ee728b)
Start importing Assets/LowPoly Rocks/FBX/Ground/Rock11.fbx using Guid(f5eb667268ae2ed40a94e47752030ce5) Importer(815301076,1909f56bfc062723c751e8b465ee728b)  -> (artifact id: '37eb8570d90faaaa29223412b86c3d38') in 0.015383 seconds
  Import took 0.017578 seconds .

========================================================================
Received Import Request.
  Time since last request: 0.000255 seconds.
  path: Assets/LowPoly Rocks/FBX/Stalagmites/Stalagmite4.fbx
  artifactKey: Guid(64f69f1df7e2cab499fb7f2f2b5ea659) Importer(815301076,1909f56bfc062723c751e8b465ee728b)
Start importing Assets/LowPoly Rocks/FBX/Stalagmites/Stalagmite4.fbx using Guid(64f69f1df7e2cab499fb7f2f2b5ea659) Importer(815301076,1909f56bfc062723c751e8b465ee728b)  -> (artifact id: 'f7b0032864ae4ae79d38484e47abd438') in 0.016437 seconds
  Import took 0.018558 seconds .

========================================================================
Received Import Request.
  Time since last request: 0.000227 seconds.
  path: Assets/LowPoly Rocks/FBX/Stalagmites/Stalagmite1.fbx
  artifactKey: Guid(a9c8a5594dbb6c04fb0ba72fac312f1d) Importer(815301076,1909f56bfc062723c751e8b465ee728b)
Start importing Assets/LowPoly Rocks/FBX/Stalagmites/Stalagmite1.fbx using Guid(a9c8a5594dbb6c04fb0ba72fac312f1d) Importer(815301076,1909f56bfc062723c751e8b465ee728b)  -> (artifact id: 'c9761de1e57f1d0218d6dbb2f1a5dd3d') in 0.015236 seconds
  Import took 0.017377 seconds .

========================================================================
Received Import Request.
  Time since last request: 0.000229 seconds.
  path: Assets/LowPoly Rocks/FBX/Ground/Rock6.fbx
  artifactKey: Guid(78d8c60f364b56c468c7213af9ceda1e) Importer(815301076,1909f56bfc062723c751e8b465ee728b)
Start importing Assets/LowPoly Rocks/FBX/Ground/Rock6.fbx using Guid(78d8c60f364b56c468c7213af9ceda1e) Importer(815301076,1909f56bfc062723c751e8b465ee728b)  -> (artifact id: '42d99ff15c32ec541356846ba69998a3') in 0.014788 seconds
  Import took 0.017128 seconds .

========================================================================
Received Import Request.
  Time since last request: 0.000234 seconds.
  path: Assets/LowPoly Rocks/FBX/Stalagmites/Stalagmite3.fbx
  artifactKey: Guid(2424df910b911024bbf3b97966607584) Importer(815301076,1909f56bfc062723c751e8b465ee728b)
Start importing Assets/LowPoly Rocks/FBX/Stalagmites/Stalagmite3.fbx using Guid(2424df910b911024bbf3b97966607584) Importer(815301076,1909f56bfc062723c751e8b465ee728b)  -> (artifact id: 'f8ed7f110914f09c7be57bccda21e29a') in 0.015281 seconds
  Import took 0.017477 seconds .

========================================================================
Received Import Request.
  Time since last request: 0.000215 seconds.
  path: Assets/LowPoly Rocks/FBX/Ground/Rock8.fbx
  artifactKey: Guid(e46931e5fb541ca4a87fba28db805a06) Importer(815301076,1909f56bfc062723c751e8b465ee728b)
Start importing Assets/LowPoly Rocks/FBX/Ground/Rock8.fbx using Guid(e46931e5fb541ca4a87fba28db805a06) Importer(815301076,1909f56bfc062723c751e8b465ee728b)  -> (artifact id: '3851bfb2e59b4cc9dffe036bd0ac1a81') in 0.015006 seconds
  Import took 0.017235 seconds .

========================================================================
Received Import Request.
  Time since last request: 0.000208 seconds.
  path: Assets/LowPoly Rocks/FBX/Ground/Rock4.fbx
  artifactKey: Guid(08746d293fd827e429733f5c209aee54) Importer(815301076,1909f56bfc062723c751e8b465ee728b)
Start importing Assets/LowPoly Rocks/FBX/Ground/Rock4.fbx using Guid(08746d293fd827e429733f5c209aee54) Importer(815301076,1909f56bfc062723c751e8b465ee728b)  -> (artifact id: 'f9e5ca2be10c2943da8f4ef5478ab3ed') in 0.015075 seconds
  Import took 0.017187 seconds .

========================================================================
Received Import Request.
  Time since last request: 0.000199 seconds.
  path: Assets/LowPoly Rocks/FBX/Ground/Rock2.fbx
  artifactKey: Guid(bb7152a7b4f594046ab64c75906b026b) Importer(815301076,1909f56bfc062723c751e8b465ee728b)
Start importing Assets/LowPoly Rocks/FBX/Ground/Rock2.fbx using Guid(bb7152a7b4f594046ab64c75906b026b) Importer(815301076,1909f56bfc062723c751e8b465ee728b)  -> (artifact id: '85e334feaed018109c7e5a3df1f38115') in 0.015237 seconds
  Import took 0.017428 seconds .

========================================================================
Received Import Request.
  Time since last request: 0.000218 seconds.
  path: Assets/LowPoly Rocks/FBX/Ground/Rock5.fbx
  artifactKey: Guid(a7d8b4930aed6ec4c9fa956479d8716a) Importer(815301076,1909f56bfc062723c751e8b465ee728b)
Start importing Assets/LowPoly Rocks/FBX/Ground/Rock5.fbx using Guid(a7d8b4930aed6ec4c9fa956479d8716a) Importer(815301076,1909f56bfc062723c751e8b465ee728b)  -> (artifact id: '6f4c8dd26a847c439337b430db3c3191') in 0.014002 seconds
  Import took 0.016090 seconds .

========================================================================
Received Import Request.
  Time since last request: 18.688777 seconds.
  path: Assets/3rdPerson+Fly/Prefabs
  artifactKey: Guid(9ae93ac891c5aa842a28be4ff92d2e1a) Importer(815301076,1909f56bfc062723c751e8b465ee728b)
Start importing Assets/3rdPerson+Fly/Prefabs using Guid(9ae93ac891c5aa842a28be4ff92d2e1a) Importer(815301076,1909f56bfc062723c751e8b465ee728b)  -> (artifact id: '204ef53ef514a2c8c1c4a794de4d4bc4') in 0.006193 seconds
  Import took 0.009445 seconds .

========================================================================
Received Import Request.
  Time since last request: 0.055335 seconds.
  path: Assets/3rdPerson+Fly/Prefabs/shadow.prefab
  artifactKey: Guid(99aff40f3c93eea4eaf473f85c4c09c6) Importer(815301076,1909f56bfc062723c751e8b465ee728b)
Start importing Assets/3rdPerson+Fly/Prefabs/shadow.prefab using Guid(99aff40f3c93eea4eaf473f85c4c09c6) Importer(815301076,1909f56bfc062723c751e8b465ee728b)  -> (artifact id: 'dc03e7c1c8aa5c2b7f878440a54d680d') in 0.215834 seconds
  Import took 0.219973 seconds .

========================================================================
Received Import Request.
  Time since last request: 24.041280 seconds.
  path: Assets/3rdPerson+Fly/Materials/char_shadow.mat
  artifactKey: Guid(d4b9a00252f83864d8a5ea8767ad6894) Importer(815301076,1909f56bfc062723c751e8b465ee728b)
Start importing Assets/3rdPerson+Fly/Materials/char_shadow.mat using Guid(d4b9a00252f83864d8a5ea8767ad6894) Importer(815301076,1909f56bfc062723c751e8b465ee728b)  -> (artifact id: 'd1c740ef6dfad96e2e5a423cf1126cac') in 0.026085 seconds
  Import took 0.028765 seconds .

========================================================================
Received Import Request.
  Time since last request: 0.000268 seconds.
  path: Assets/3rdPerson+Fly/Materials/env_Gold.mat
  artifactKey: Guid(493ecae6230b81b4385325e84dfc198e) Importer(815301076,1909f56bfc062723c751e8b465ee728b)
Start importing Assets/3rdPerson+Fly/Materials/env_Gold.mat using Guid(493ecae6230b81b4385325e84dfc198e) Importer(815301076,1909f56bfc062723c751e8b465ee728b)  -> (artifact id: 'cb7160c4e277a7eba61afc3ef379356b') in 0.093248 seconds
  Import took 0.095277 seconds .

========================================================================
Received Import Request.
  Time since last request: 0.000372 seconds.
  path: Assets/3rdPerson+Fly/Materials/env_Fence.mat
  artifactKey: Guid(fa505519e7f70e74d83de9fa8e285ff4) Importer(815301076,1909f56bfc062723c751e8b465ee728b)
Start importing Assets/3rdPerson+Fly/Materials/env_Fence.mat using Guid(fa505519e7f70e74d83de9fa8e285ff4) Importer(815301076,1909f56bfc062723c751e8b465ee728b)  -> (artifact id: '14891cc19c19b6be8bdecfa02250e521') in 0.091537 seconds
  Import took 0.093549 seconds .

========================================================================
Received Import Request.
  Time since last request: 0.000309 seconds.
  path: Assets/3rdPerson+Fly/Materials/char_shadow_toon.cubemap
  artifactKey: Guid(08ace8642380dd0489507f969b3d9dd5) Importer(815301076,1909f56bfc062723c751e8b465ee728b)
Start importing Assets/3rdPerson+Fly/Materials/char_shadow_toon.cubemap using Guid(08ace8642380dd0489507f969b3d9dd5) Importer(815301076,1909f56bfc062723c751e8b465ee728b)  -> (artifact id: '548b677db87134a01c5e813c921e1713') in 0.020593 seconds
  Import took 0.022646 seconds .

========================================================================
Received Import Request.
  Time since last request: 0.000271 seconds.
  path: Assets/3rdPerson+Fly/Materials/env_RedTile.mat
  artifactKey: Guid(0be8db44e223e8d4f8d86c944d88bca4) Importer(815301076,1909f56bfc062723c751e8b465ee728b)
Start importing Assets/3rdPerson+Fly/Materials/env_RedTile.mat using Guid(0be8db44e223e8d4f8d86c944d88bca4) Importer(815301076,1909f56bfc062723c751e8b465ee728b)  -> (artifact id: '9a033b964d93cf1a7482b8552e11f1f0') in 0.013870 seconds
  Import took 0.015945 seconds .

========================================================================
Received Import Request.
  Time since last request: 0.000261 seconds.
  path: Assets/3rdPerson+Fly/Materials/env_GoldTile.mat
  artifactKey: Guid(0d2e318bf98ad6144ae3ced352c1962c) Importer(815301076,1909f56bfc062723c751e8b465ee728b)
Start importing Assets/3rdPerson+Fly/Materials/env_GoldTile.mat using Guid(0d2e318bf98ad6144ae3ced352c1962c) Importer(815301076,1909f56bfc062723c751e8b465ee728b)  -> (artifact id: '2c2368a9fecfe9f49668fd0d1e776d1f') in 0.012779 seconds
  Import took 0.014996 seconds .

========================================================================
Received Import Request.
  Time since last request: 0.000266 seconds.
  path: Assets/3rdPerson+Fly/Materials/Character.physicMaterial
  artifactKey: Guid(7a665289b8701a143a4d81cc38730390) Importer(815301076,1909f56bfc062723c751e8b465ee728b)
Start importing Assets/3rdPerson+Fly/Materials/Character.physicMaterial using Guid(7a665289b8701a143a4d81cc38730390) Importer(815301076,1909f56bfc062723c751e8b465ee728b)  -> (artifact id: 'e3f64d300895928eb797121d9c84ddd5') in 0.007948 seconds
  Import took 0.010507 seconds .

========================================================================
Received Import Request.
  Time since last request: 0.000275 seconds.
  path: Assets/3rdPerson+Fly/Materials/env_InnerRing.mat
  artifactKey: Guid(2a5567d14decdf744a0a4ba82ae38334) Importer(815301076,1909f56bfc062723c751e8b465ee728b)
Start importing Assets/3rdPerson+Fly/Materials/env_InnerRing.mat using Guid(2a5567d14decdf744a0a4ba82ae38334) Importer(815301076,1909f56bfc062723c751e8b465ee728b)  -> (artifact id: '201859c501e8b9250cc37b38945bda51') in 0.012725 seconds
  Import took 0.014928 seconds .

========================================================================
Received Import Request.
  Time since last request: 0.000237 seconds.
  path: Assets/3rdPerson+Fly/Materials/env_DarkTile.mat
  artifactKey: Guid(4d42b08d761358e49b969b4f3136ec7d) Importer(815301076,1909f56bfc062723c751e8b465ee728b)
Start importing Assets/3rdPerson+Fly/Materials/env_DarkTile.mat using Guid(4d42b08d761358e49b969b4f3136ec7d) Importer(815301076,1909f56bfc062723c751e8b465ee728b)  -> (artifact id: '4865426f6ecae0cb320a76b0f2bde8d7') in 0.012569 seconds
  Import took 0.014719 seconds .

========================================================================
Received Import Request.
  Time since last request: 5.127078 seconds.
  path: Assets/LowPoly Rocks/FBX
  artifactKey: Guid(0a586487f6c22b24296bb8adb78bc99c) Importer(815301076,1909f56bfc062723c751e8b465ee728b)
Start importing Assets/LowPoly Rocks/FBX using Guid(0a586487f6c22b24296bb8adb78bc99c) Importer(815301076,1909f56bfc062723c751e8b465ee728b)  -> (artifact id: '83d7855ddcc611e422f4c86b1cd7f8a5') in 0.006197 seconds
  Import took 0.009688 seconds .

========================================================================
Received Import Request.
  Time since last request: 0.079474 seconds.
  path: Assets/LowPoly Rocks/FBX/RocksMaterial.mat
  artifactKey: Guid(d2fd4d71edd84d847abfac1d74b92941) Importer(815301076,1909f56bfc062723c751e8b465ee728b)
Start importing Assets/LowPoly Rocks/FBX/RocksMaterial.mat using Guid(d2fd4d71edd84d847abfac1d74b92941) Importer(815301076,1909f56bfc062723c751e8b465ee728b)  -> (artifact id: 'c98492119553208cfc252907667023dd') in 0.013612 seconds
  Import took 0.016652 seconds .

========================================================================
Received Import Request.
  Time since last request: 0.851349 seconds.
  path: Assets/LowPoly Rocks/FBX/Ground
  artifactKey: Guid(4632c0e8ae3dac942a805c11938f5725) Importer(815301076,1909f56bfc062723c751e8b465ee728b)
Start importing Assets/LowPoly Rocks/FBX/Ground using Guid(4632c0e8ae3dac942a805c11938f5725) Importer(815301076,1909f56bfc062723c751e8b465ee728b)  -> (artifact id: '1e0b37706d31b4332779d611cf1e2bce') in 0.005768 seconds
  Import took 0.008780 seconds .

========================================================================
Received Import Request.
  Time since last request: 2.420150 seconds.
  path: Assets/LowPoly Rocks/Prefabs
  artifactKey: Guid(df1d4bf3001b8bf449f9e137c20b29ef) Importer(815301076,1909f56bfc062723c751e8b465ee728b)
Start importing Assets/LowPoly Rocks/Prefabs using Guid(df1d4bf3001b8bf449f9e137c20b29ef) Importer(815301076,1909f56bfc062723c751e8b465ee728b)  -> (artifact id: 'c93d868261f2c0b3e4448ae976b2e136') in 0.002424 seconds
  Import took 0.004862 seconds .

========================================================================
Received Import Request.
  Time since last request: 0.069520 seconds.
  path: Assets/LowPoly Rocks/Prefabs/Rock1.prefab
  artifactKey: Guid(8d931b3fb82717949a490ba2479926c4) Importer(815301076,1909f56bfc062723c751e8b465ee728b)
Start importing Assets/LowPoly Rocks/Prefabs/Rock1.prefab using Guid(8d931b3fb82717949a490ba2479926c4) Importer(815301076,1909f56bfc062723c751e8b465ee728b)  -> (artifact id: '8ec4c8808beb0b2e87d8f403dd32adcf') in 0.010658 seconds
  Import took 0.014098 seconds .

========================================================================
Received Import Request.
  Time since last request: 0.000261 seconds.
  path: Assets/LowPoly Rocks/Prefabs/Rock8.prefab
  artifactKey: Guid(f0b038078591d7441bbc6586bbc421d2) Importer(815301076,1909f56bfc062723c751e8b465ee728b)
Start importing Assets/LowPoly Rocks/Prefabs/Rock8.prefab using Guid(f0b038078591d7441bbc6586bbc421d2) Importer(815301076,1909f56bfc062723c751e8b465ee728b)  -> (artifact id: '69a6c07bc3c48b1e0768687bd0ded4c0') in 0.014396 seconds
  Import took 0.016581 seconds .

========================================================================
Received Import Request.
  Time since last request: 0.000236 seconds.
  path: Assets/LowPoly Rocks/Prefabs/Rock2.prefab
  artifactKey: Guid(1d7cf80ff985b3d4da86a46d77ed1a1e) Importer(815301076,1909f56bfc062723c751e8b465ee728b)
Start importing Assets/LowPoly Rocks/Prefabs/Rock2.prefab using Guid(1d7cf80ff985b3d4da86a46d77ed1a1e) Importer(815301076,1909f56bfc062723c751e8b465ee728b)  -> (artifact id: '933e79c98694cb7d3498170de0c46bab') in 0.016209 seconds
  Import took 0.018730 seconds .

========================================================================
Received Import Request.
  Time since last request: 0.000241 seconds.
  path: Assets/LowPoly Rocks/Prefabs/Stalagmite2.prefab
  artifactKey: Guid(20ae9eb2042a9a649bd7d5567eadd2fc) Importer(815301076,1909f56bfc062723c751e8b465ee728b)
Start importing Assets/LowPoly Rocks/Prefabs/Stalagmite2.prefab using Guid(20ae9eb2042a9a649bd7d5567eadd2fc) Importer(815301076,1909f56bfc062723c751e8b465ee728b)  -> (artifact id: '9a5536688e6095590baf0809ade6a73f') in 0.014040 seconds
  Import took 0.016611 seconds .

========================================================================
Received Import Request.
  Time since last request: 0.000246 seconds.
  path: Assets/LowPoly Rocks/Prefabs/Rock4.prefab
  artifactKey: Guid(a60a8f0bf6c2c2e43959578425ce1015) Importer(815301076,1909f56bfc062723c751e8b465ee728b)
Start importing Assets/LowPoly Rocks/Prefabs/Rock4.prefab using Guid(a60a8f0bf6c2c2e43959578425ce1015) Importer(815301076,1909f56bfc062723c751e8b465ee728b)  -> (artifact id: '4b657786d8d71e1715cd1095773f814f') in 0.014169 seconds
  Import took 0.016517 seconds .

========================================================================
Received Import Request.
  Time since last request: 0.000274 seconds.
  path: Assets/LowPoly Rocks/Prefabs/Stalagmite4.prefab
  artifactKey: Guid(bd427175c8c6e874cb6cd18814401491) Importer(815301076,1909f56bfc062723c751e8b465ee728b)
Start importing Assets/LowPoly Rocks/Prefabs/Stalagmite4.prefab using Guid(bd427175c8c6e874cb6cd18814401491) Importer(815301076,1909f56bfc062723c751e8b465ee728b)  -> (artifact id: '591377853786451cfe61270107180e20') in 0.011589 seconds
  Import took 0.013802 seconds .

========================================================================
Received Import Request.
  Time since last request: 0.000336 seconds.
  path: Assets/LowPoly Rocks/Prefabs/Rock3.prefab
  artifactKey: Guid(a9b2c2ea8472caa40b47a88cf3badc04) Importer(815301076,1909f56bfc062723c751e8b465ee728b)
Start importing Assets/LowPoly Rocks/Prefabs/Rock3.prefab using Guid(a9b2c2ea8472caa40b47a88cf3badc04) Importer(815301076,1909f56bfc062723c751e8b465ee728b)  -> (artifact id: '8b7e0f001d5806e401a836714cbd93c8') in 0.017509 seconds
  Import took 0.019803 seconds .

========================================================================
Received Import Request.
  Time since last request: 0.000279 seconds.
  path: Assets/LowPoly Rocks/Prefabs/Rock10.prefab
  artifactKey: Guid(2934d248fbf71ae43908c5dba87ac6e5) Importer(815301076,1909f56bfc062723c751e8b465ee728b)
Start importing Assets/LowPoly Rocks/Prefabs/Rock10.prefab using Guid(2934d248fbf71ae43908c5dba87ac6e5) Importer(815301076,1909f56bfc062723c751e8b465ee728b)  -> (artifact id: 'fda8d0c0f821852e52e3cd2119a85b61') in 0.017104 seconds
  Import took 0.020084 seconds .

========================================================================
Received Import Request.
  Time since last request: 0.000284 seconds.
  path: Assets/LowPoly Rocks/Prefabs/Stalagmite1.prefab
  artifactKey: Guid(a01382f4fef9dda44bfc417604e578b8) Importer(815301076,1909f56bfc062723c751e8b465ee728b)
Start importing Assets/LowPoly Rocks/Prefabs/Stalagmite1.prefab using Guid(a01382f4fef9dda44bfc417604e578b8) Importer(815301076,1909f56bfc062723c751e8b465ee728b)  -> (artifact id: 'ed0de6fb0164bdcba4080f2a3d61501d') in 0.014125 seconds
  Import took 0.016455 seconds .

========================================================================
Received Import Request.
  Time since last request: 0.000216 seconds.
  path: Assets/LowPoly Rocks/Prefabs/Rock11.prefab
  artifactKey: Guid(5f392814e5dcb6a45b0380e07be63338) Importer(815301076,1909f56bfc062723c751e8b465ee728b)
Start importing Assets/LowPoly Rocks/Prefabs/Rock11.prefab using Guid(5f392814e5dcb6a45b0380e07be63338) Importer(815301076,1909f56bfc062723c751e8b465ee728b)  -> (artifact id: '251d4db93672f0df38634d2be31e4312') in 0.013616 seconds
  Import took 0.015811 seconds .

========================================================================
Received Import Request.
  Time since last request: 0.000260 seconds.
  path: Assets/LowPoly Rocks/Prefabs/Rock7.prefab
  artifactKey: Guid(40cdb1261502c5147946ac48cebac02b) Importer(815301076,1909f56bfc062723c751e8b465ee728b)
Start importing Assets/LowPoly Rocks/Prefabs/Rock7.prefab using Guid(40cdb1261502c5147946ac48cebac02b) Importer(815301076,1909f56bfc062723c751e8b465ee728b)  -> (artifact id: 'd65407620c6fecc00169a42e435fe73f') in 0.016640 seconds
  Import took 0.019103 seconds .

========================================================================
Received Import Request.
  Time since last request: 0.000251 seconds.
  path: Assets/LowPoly Rocks/Prefabs/Rock5.prefab
  artifactKey: Guid(345663e86a7f60545b8ec4a8ef734d07) Importer(815301076,1909f56bfc062723c751e8b465ee728b)
Start importing Assets/LowPoly Rocks/Prefabs/Rock5.prefab using Guid(345663e86a7f60545b8ec4a8ef734d07) Importer(815301076,1909f56bfc062723c751e8b465ee728b)  -> (artifact id: '898fd12c6632a15454815d9eae491a25') in 0.011876 seconds
  Import took 0.014522 seconds .

========================================================================
Received Import Request.
  Time since last request: 0.000232 seconds.
  path: Assets/LowPoly Rocks/Prefabs/Rock9.prefab
  artifactKey: Guid(087932bfd0e7db149b7e604943e47caf) Importer(815301076,1909f56bfc062723c751e8b465ee728b)
Start importing Assets/LowPoly Rocks/Prefabs/Rock9.prefab using Guid(087932bfd0e7db149b7e604943e47caf) Importer(815301076,1909f56bfc062723c751e8b465ee728b)  -> (artifact id: '62177c5f2721ee4b4b18e67c3b5df4e5') in 0.012725 seconds
  Import took 0.015230 seconds .

========================================================================
Received Import Request.
  Time since last request: 0.000236 seconds.
  path: Assets/LowPoly Rocks/Prefabs/Stalagmite5.prefab
  artifactKey: Guid(7f29d7b2a9defc84392ee3f65ac49455) Importer(815301076,1909f56bfc062723c751e8b465ee728b)
Start importing Assets/LowPoly Rocks/Prefabs/Stalagmite5.prefab using Guid(7f29d7b2a9defc84392ee3f65ac49455) Importer(815301076,1909f56bfc062723c751e8b465ee728b)  -> (artifact id: 'a5e5883ed5132894fc793ff62729f7c6') in 0.017052 seconds
  Import took 0.019470 seconds .

========================================================================
Received Import Request.
  Time since last request: 0.000249 seconds.
  path: Assets/LowPoly Rocks/Prefabs/Stalagmite3.prefab
  artifactKey: Guid(52e86cf63f5a28643b9ff6c47eec24cf) Importer(815301076,1909f56bfc062723c751e8b465ee728b)
Start importing Assets/LowPoly Rocks/Prefabs/Stalagmite3.prefab using Guid(52e86cf63f5a28643b9ff6c47eec24cf) Importer(815301076,1909f56bfc062723c751e8b465ee728b)  -> (artifact id: '72328b78fcbe9a1830c44a60f75275e3') in 0.013769 seconds
  Import took 0.016077 seconds .

========================================================================
Received Import Request.
  Time since last request: 0.000273 seconds.
  path: Assets/LowPoly Rocks/Prefabs/Rock6.prefab
  artifactKey: Guid(d052e3fbbc0929a408e720b491187572) Importer(815301076,1909f56bfc062723c751e8b465ee728b)
Start importing Assets/LowPoly Rocks/Prefabs/Rock6.prefab using Guid(d052e3fbbc0929a408e720b491187572) Importer(815301076,1909f56bfc062723c751e8b465ee728b)  -> (artifact id: '45703be30bbf2ccfe4e0b9bce7393d73') in 0.013519 seconds
  Import took 0.016517 seconds .

========================================================================
Received Prepare
Registering precompiled user dll's ...
Registered in 0.004374 seconds.
Begin MonoManager ReloadAssembly
Native extension for WindowsStandalone target not found
Native extension for OSXStandalone target not found
Refreshing native plugins compatible for Editor in 0.32 ms, found 2 plugins.
Preloading 0 native plugins for Editor in 0.00 ms.
Mono: successfully reloaded assembly
- Completed reload, in  0.997 seconds
Platform modules already initialized, skipping
Refreshing native plugins compatible for Editor in 0.32 ms, found 2 plugins.
Preloading 0 native plugins for Editor in 0.00 ms.
Unloading 1396 Unused Serialized files (Serialized files now loaded: 0)
System memory in use before: 72.9 MB.
System memory in use after: 69.9 MB.

Unloading 18 unused Assets to reduce memory usage. Loaded Objects now: 1885.
Total: 3.896400 ms (FindLiveObjects: 0.443000 ms CreateObjectMapping: 0.142100 ms MarkObjects: 2.598800 ms  DeleteObjects: 0.709500 ms)

========================================================================
Received Import Request.
  Time since last request: 2751.475193 seconds.
  path: Assets/New Terrain.asset
  artifactKey: Guid(fb11032944f3c3a41befeb7211d2f977) Importer(815301076,1909f56bfc062723c751e8b465ee728b)
Start importing Assets/New Terrain.asset using Guid(fb11032944f3c3a41befeb7211d2f977) Importer(815301076,1909f56bfc062723c751e8b465ee728b)  -> (artifact id: '7bec038177abfbf5306678e082364fe7') in 0.057959 seconds
  Import took 0.065036 seconds .

========================================================================
Received Import Request.
  Time since last request: 3.297862 seconds.
  path: Assets/IL3DN/Prefabs
  artifactKey: Guid(d95999b138580154d9e82881afd75547) Importer(815301076,1909f56bfc062723c751e8b465ee728b)
Start importing Assets/IL3DN/Prefabs using Guid(d95999b138580154d9e82881afd75547) Importer(815301076,1909f56bfc062723c751e8b465ee728b)  -> (artifact id: '78010a0c6a6cbf5eaa23016211f9f108') in 0.010482 seconds
  Import took 0.014298 seconds .

========================================================================
Received Import Request.
  Time since last request: 0.003857 seconds.
  path: Assets/IL3DN/Prefabs
  artifactKey: Guid(d95999b138580154d9e82881afd75547) Importer(815301076,1909f56bfc062723c751e8b465ee728b)
Start importing Assets/IL3DN/Prefabs using Guid(d95999b138580154d9e82881afd75547) Importer(815301076,1909f56bfc062723c751e8b465ee728b)  -> (artifact id: '78010a0c6a6cbf5eaa23016211f9f108') in 0.005766 seconds
  Import took 0.009912 seconds .

========================================================================
Received Import Request.
  Time since last request: 0.100324 seconds.
  path: Assets/IL3DN/Prefabs/FPSController.prefab
  artifactKey: Guid(5e9e851c0e142814dac026a256ba2ac0) Importer(815301076,1909f56bfc062723c751e8b465ee728b)
Start importing Assets/IL3DN/Prefabs/FPSController.prefab using Guid(5e9e851c0e142814dac026a256ba2ac0) Importer(815301076,1909f56bfc062723c751e8b465ee728b)  -> (artifact id: '861e825109a528e198b0fc640c9d195e') in 0.028968 seconds
  Import took 0.032289 seconds .

========================================================================
Received Import Request.
  Time since last request: 0.000294 seconds.
  path: Assets/IL3DN/Prefabs/IL3DN_Canvas.prefab
  artifactKey: Guid(b9041a16145c8bb4f83dba3889f30193) Importer(815301076,1909f56bfc062723c751e8b465ee728b)
Start importing Assets/IL3DN/Prefabs/IL3DN_Canvas.prefab using Guid(b9041a16145c8bb4f83dba3889f30193) Importer(815301076,1909f56bfc062723c751e8b465ee728b)  -> (artifact id: 'acfb782345bdc8384fb9873f73e79e17') in 0.021614 seconds
  Import took 0.025171 seconds .

========================================================================
Received Import Request.
  Time since last request: 22.016635 seconds.
  path: Assets/IL3DN/Post-Processing_Profile/IL3DN_PPProfile_FreeAssets.asset
  artifactKey: Guid(267000edef6451d469ce10704a9d43a0) Importer(815301076,1909f56bfc062723c751e8b465ee728b)
Start importing Assets/IL3DN/Post-Processing_Profile/IL3DN_PPProfile_FreeAssets.asset using Guid(267000edef6451d469ce10704a9d43a0) Importer(815301076,1909f56bfc062723c751e8b465ee728b)  -> (artifact id: 'bd04ffce86cdccddacaa2f7d7234df95') in 0.009463 seconds
  Import took 0.012518 seconds .

========================================================================
Received Import Request.
  Time since last request: 0.000393 seconds.
  path: Assets/IL3DN/Post-Processing_Profile/IL3DN_PPProfile_FreeDemo.asset
  artifactKey: Guid(f7e7c1c5853a7d84196761aab5cf649c) Importer(815301076,1909f56bfc062723c751e8b465ee728b)
Start importing Assets/IL3DN/Post-Processing_Profile/IL3DN_PPProfile_FreeDemo.asset using Guid(f7e7c1c5853a7d84196761aab5cf649c) Importer(815301076,1909f56bfc062723c751e8b465ee728b)  -> (artifact id: '94696785f9e247ced675d0414ed695c5') in 0.009976 seconds
  Import took 0.013653 seconds .

========================================================================
Received Import Request.
  Time since last request: 0.353286 seconds.
  path: Assets/IL3DN/EditorImages/IL3DN_Label_Wind_Direction.png
  artifactKey: Guid(ed24cca65ff964a49bd0a9c0b11eedd6) Importer(815301076,1909f56bfc062723c751e8b465ee728b)
Start importing Assets/IL3DN/EditorImages/IL3DN_Label_Wind_Direction.png using Guid(ed24cca65ff964a49bd0a9c0b11eedd6) Importer(815301076,1909f56bfc062723c751e8b465ee728b)  -> (artifact id: '0f62bd2e4cdebebe9056e7b0ab681bdb') in 0.069057 seconds
  Import took 0.072233 seconds .

========================================================================
Received Import Request.
  Time since last request: 0.000321 seconds.
  path: Assets/IL3DN/EditorImages/IL3DN_Logo.png
  artifactKey: Guid(8ce5ab41ecb07b942a1042a85f585feb) Importer(815301076,1909f56bfc062723c751e8b465ee728b)
Start importing Assets/IL3DN/EditorImages/IL3DN_Logo.png using Guid(8ce5ab41ecb07b942a1042a85f585feb) Importer(815301076,1909f56bfc062723c751e8b465ee728b)  -> (artifact id: '564025c83f38fca2b62d3b7a2367243b') in 0.045601 seconds
  Import took 0.049644 seconds .

========================================================================
Received Import Request.
  Time since last request: 0.461762 seconds.
  path: Assets/IL3DN/Audio/IL3DN.mixer
  artifactKey: Guid(89ef2123a31ebe547959c299198012c1) Importer(815301076,1909f56bfc062723c751e8b465ee728b)
Start importing Assets/IL3DN/Audio/IL3DN.mixer using Guid(89ef2123a31ebe547959c299198012c1) Importer(815301076,1909f56bfc062723c751e8b465ee728b)  -> (artifact id: '60309cbabb6fcc048d17551cc3fb7568') in 0.011756 seconds
  Import took 0.014831 seconds .

========================================================================
Received Import Request.
  Time since last request: 0.000289 seconds.
  path: Assets/IL3DN/Audio/IL3DN_Char_Step_Grass_03.wav
  artifactKey: Guid(0b5df60ae886e094e98121686439b7da) Importer(815301076,1909f56bfc062723c751e8b465ee728b)
Start importing Assets/IL3DN/Audio/IL3DN_Char_Step_Grass_03.wav using Guid(0b5df60ae886e094e98121686439b7da) Importer(815301076,1909f56bfc062723c751e8b465ee728b)  -> (artifact id: '0819d76b7c0dac326f7f61dbf74c4bb1') in 0.060189 seconds
  Import took 0.063184 seconds .

========================================================================
Received Import Request.
  Time since last request: 0.000430 seconds.
  path: Assets/IL3DN/Audio/IL3DN_Birds_Loop.wav
  artifactKey: Guid(16a07621d1bc9a846bb265d15fb71f4c) Importer(815301076,1909f56bfc062723c751e8b465ee728b)
Start importing Assets/IL3DN/Audio/IL3DN_Birds_Loop.wav using Guid(16a07621d1bc9a846bb265d15fb71f4c) Importer(815301076,1909f56bfc062723c751e8b465ee728b)  -> (artifact id: '922cfa31b4210ae0b245f4fda23cbe1b') in 0.020475 seconds
  Import took 0.024767 seconds .

========================================================================
Received Import Request.
  Time since last request: 0.000379 seconds.
  path: Assets/IL3DN/Audio/IL3DN_Char_Step_Grass_01.wav
  artifactKey: Guid(d075dc87c5731f84b9901c46989a8832) Importer(815301076,1909f56bfc062723c751e8b465ee728b)
Start importing Assets/IL3DN/Audio/IL3DN_Char_Step_Grass_01.wav using Guid(d075dc87c5731f84b9901c46989a8832) Importer(815301076,1909f56bfc062723c751e8b465ee728b)  -> (artifact id: '7bcd1de77ca106a35c2049fead7063eb') in 0.022903 seconds
  Import took 0.028219 seconds .

========================================================================
Received Import Request.
  Time since last request: 0.000444 seconds.
  path: Assets/IL3DN/Audio/IL3DN_Char_Step_Grass_02.wav
  artifactKey: Guid(07d6c79ac5a1e3a4094f31a17377867e) Importer(815301076,1909f56bfc062723c751e8b465ee728b)
Start importing Assets/IL3DN/Audio/IL3DN_Char_Step_Grass_02.wav using Guid(07d6c79ac5a1e3a4094f31a17377867e) Importer(815301076,1909f56bfc062723c751e8b465ee728b)  -> (artifact id: 'f90e425e39d770d269f11e26cd69dd32') in 0.027165 seconds
  Import took 0.031860 seconds .

========================================================================
Received Import Request.
  Time since last request: 0.000429 seconds.
  path: Assets/IL3DN/Audio/IL3DN_Char_Step_Grass_04.wav
  artifactKey: Guid(739a2cf7ef547fc409eb9346acf3fe14) Importer(815301076,1909f56bfc062723c751e8b465ee728b)
Start importing Assets/IL3DN/Audio/IL3DN_Char_Step_Grass_04.wav using Guid(739a2cf7ef547fc409eb9346acf3fe14) Importer(815301076,1909f56bfc062723c751e8b465ee728b)  -> (artifact id: '8c9c212ea3e2466c8b74b7b1bfd875fd') in 0.024453 seconds
  Import took 0.030120 seconds .

========================================================================
Received Import Request.
  Time since last request: 59.564892 seconds.
  path: Assets/3rdPerson+Fly/README.pdf
  artifactKey: Guid(56efd77465500044fa2b957f531762eb) Importer(815301076,1909f56bfc062723c751e8b465ee728b)
Start importing Assets/3rdPerson+Fly/README.pdf using Guid(56efd77465500044fa2b957f531762eb) Importer(815301076,1909f56bfc062723c751e8b465ee728b)  -> (artifact id: '403d160b1a46097497a90f6925bedbb4') in 0.022264 seconds
  Import took 0.025586 seconds .

========================================================================
Received Import Request.
  Time since last request: 6.690747 seconds.
  path: Assets/IL3DN/IL3DN_Documentation_Sample.pdf
  artifactKey: Guid(901df50bbc3216a45bde5a87a52865c1) Importer(815301076,1909f56bfc062723c751e8b465ee728b)
Start importing Assets/IL3DN/IL3DN_Documentation_Sample.pdf using Guid(901df50bbc3216a45bde5a87a52865c1) Importer(815301076,1909f56bfc062723c751e8b465ee728b)  -> (artifact id: '6c91e7b0639986bb4d1e245eab2dbe64') in 0.009400 seconds
  Import took 0.013389 seconds .

========================================================================
Received Prepare
Registering precompiled user dll's ...
Registered in 0.025287 seconds.
Begin MonoManager ReloadAssembly
Native extension for WindowsStandalone target not found
Native extension for OSXStandalone target not found
Refreshing native plugins compatible for Editor in 0.39 ms, found 2 plugins.
Preloading 0 native plugins for Editor in 0.00 ms.
[ScriptCompilation] NOT recompiling all scripts because this is an import worker process. Reason to compile was: Define symbols changed
Mono: successfully reloaded assembly
- Completed reload, in  1.213 seconds
Platform modules already initialized, skipping
Refreshing native plugins compatible for Editor in 0.37 ms, found 2 plugins.
Preloading 0 native plugins for Editor in 0.00 ms.
Unloading 1516 Unused Serialized files (Serialized files now loaded: 0)
System memory in use before: 82.4 MB.
System memory in use after: 76.9 MB.

Unloading 46 unused Assets to reduce memory usage. Loaded Objects now: 1989.
Total: 4.214700 ms (FindLiveObjects: 0.314000 ms CreateObjectMapping: 0.055500 ms MarkObjects: 1.932500 ms  DeleteObjects: 1.911400 ms)

========================================================================
Received Prepare
Refreshing native plugins compatible for Editor in 3.32 ms, found 2 plugins.
Preloading 0 native plugins for Editor in 0.00 ms.
Unloading 42 Unused Serialized files (Serialized files now loaded: 0)
System memory in use before: 52.8 MB.
System memory in use after: 47.7 MB.

Unloading 42 unused Assets to reduce memory usage. Loaded Objects now: 1989.
Total: 4.748100 ms (FindLiveObjects: 0.397000 ms CreateObjectMapping: 0.150200 ms MarkObjects: 2.436200 ms  DeleteObjects: 1.762500 ms)

AssetImportParameters requested are different than current active one (requested -> active):
  colorSpace: 1 -> 0
========================================================================
Received Import Request.
  Time since last request: 148.848524 seconds.
  path: Assets/IL3DN/Post-Processing_Profile
  artifactKey: Guid(9d6413c91725d9f41b61d30e5ec994e8) Importer(815301076,1909f56bfc062723c751e8b465ee728b)
Start importing Assets/IL3DN/Post-Processing_Profile using Guid(9d6413c91725d9f41b61d30e5ec994e8) Importer(815301076,1909f56bfc062723c751e8b465ee728b)  -> (artifact id: 'd70f5af70f0f60ffe4b7cf712aa2b5f0') in 0.010557 seconds
  Import took 0.014815 seconds .

========================================================================
Received Import Request.
  Time since last request: 12.266516 seconds.
  path: Assets/IL3DN/Prefabs/FPSController.prefab
  artifactKey: Guid(5e9e851c0e142814dac026a256ba2ac0) Importer(815301076,1909f56bfc062723c751e8b465ee728b)
Start importing Assets/IL3DN/Prefabs/FPSController.prefab using Guid(5e9e851c0e142814dac026a256ba2ac0) Importer(815301076,1909f56bfc062723c751e8b465ee728b)  -> (artifact id: '7f8f6293b060f2622d9fb1aa33423f99') in 0.125510 seconds
  Import took 0.132602 seconds .

========================================================================
Received Import Request.
  Time since last request: 2.496319 seconds.
  path: Assets/IL3DN/Scenes
  artifactKey: Guid(af3cc4f2cce5652469bbef5c63d65462) Importer(815301076,1909f56bfc062723c751e8b465ee728b)
Start importing Assets/IL3DN/Scenes using Guid(af3cc4f2cce5652469bbef5c63d65462) Importer(815301076,1909f56bfc062723c751e8b465ee728b)  -> (artifact id: '3b6383f232a09633a4d7eb85679dbb49') in 0.011144 seconds
  Import took 0.014858 seconds .

========================================================================
Received Import Request.
  Time since last request: 1.517577 seconds.
  path: Assets/IL3DN/Scenes/TheIllustratedNature_FreeAssets.unity
  artifactKey: Guid(2d4c21935cf044f49b232cd83dbee713) Importer(815301076,1909f56bfc062723c751e8b465ee728b)
Start importing Assets/IL3DN/Scenes/TheIllustratedNature_FreeAssets.unity using Guid(2d4c21935cf044f49b232cd83dbee713) Importer(815301076,1909f56bfc062723c751e8b465ee728b)  -> (artifact id: '6b21f30e3a3f9b7d4faf4ad285a1cce3') in 0.009780 seconds
  Import took 0.013781 seconds .

========================================================================
Received Import Request.
  Time since last request: 0.805649 seconds.
  path: Assets/IL3DN/Scenes/TheIllustratedNature_FreeDemo.unity
  artifactKey: Guid(f7966cd1a5deb32479dd5f360cc5a513) Importer(815301076,1909f56bfc062723c751e8b465ee728b)
Start importing Assets/IL3DN/Scenes/TheIllustratedNature_FreeDemo.unity using Guid(f7966cd1a5deb32479dd5f360cc5a513) Importer(815301076,1909f56bfc062723c751e8b465ee728b)  -> (artifact id: 'd81f83361f5d3af716618f82e8512e65') in 0.009599 seconds
  Import took 0.013335 seconds .

========================================================================
Received Import Request.
  Time since last request: 1.906913 seconds.
  path: Assets/IL3DN/Scripts
  artifactKey: Guid(7c511cba97750104e80b92d79056aa4f) Importer(815301076,1909f56bfc062723c751e8b465ee728b)
Start importing Assets/IL3DN/Scripts using Guid(7c511cba97750104e80b92d79056aa4f) Importer(815301076,1909f56bfc062723c751e8b465ee728b)  -> (artifact id: 'af0e8b58a62acbbb9f0e77b1f2f1ed15') in 0.009411 seconds
  Import took 0.013436 seconds .

========================================================================
Received Import Request.
  Time since last request: 2.160083 seconds.
  path: Assets/IL3DN/Shaders
  artifactKey: Guid(4645d495a29e7c94c9bd56870fcfb4d2) Importer(815301076,1909f56bfc062723c751e8b465ee728b)
Start importing Assets/IL3DN/Shaders using Guid(4645d495a29e7c94c9bd56870fcfb4d2) Importer(815301076,1909f56bfc062723c751e8b465ee728b)  -> (artifact id: 'a3430b18ff952642691dc396e6fe6f01') in 0.008860 seconds
  Import took 0.012479 seconds .

========================================================================
Received Import Request.
  Time since last request: 2.678312 seconds.
  path: Assets/IL3DN/EditorImages
  artifactKey: Guid(5829726648371eb40a34ce460be37329) Importer(815301076,1909f56bfc062723c751e8b465ee728b)
Start importing Assets/IL3DN/EditorImages using Guid(5829726648371eb40a34ce460be37329) Importer(815301076,1909f56bfc062723c751e8b465ee728b)  -> (artifact id: '2157b11f7dda9bb3aaabae62c70b6884') in 0.008808 seconds
  Import took 0.012821 seconds .

========================================================================
Received Import Request.
  Time since last request: 0.166177 seconds.
  path: Assets/IL3DN/EditorImages/IL3DN_Label_Wind_Direction.png
  artifactKey: Guid(ed24cca65ff964a49bd0a9c0b11eedd6) Importer(815301076,1909f56bfc062723c751e8b465ee728b)
Start importing Assets/IL3DN/EditorImages/IL3DN_Label_Wind_Direction.png using Guid(ed24cca65ff964a49bd0a9c0b11eedd6) Importer(815301076,1909f56bfc062723c751e8b465ee728b)  -> (artifact id: '029afeb8496acad746b3c852e63f210a') in 0.025747 seconds
  Import took 0.029469 seconds .

========================================================================
Received Import Request.
  Time since last request: 0.000294 seconds.
  path: Assets/IL3DN/EditorImages/IL3DN_Logo.png
  artifactKey: Guid(8ce5ab41ecb07b942a1042a85f585feb) Importer(815301076,1909f56bfc062723c751e8b465ee728b)
Start importing Assets/IL3DN/EditorImages/IL3DN_Logo.png using Guid(8ce5ab41ecb07b942a1042a85f585feb) Importer(815301076,1909f56bfc062723c751e8b465ee728b)  -> (artifact id: '4a145a8dc4e12a1ed4e56ad67b274995') in 0.031973 seconds
  Import took 0.035179 seconds .

========================================================================
Received Prepare
Registering precompiled user dll's ...
Registered in 0.008912 seconds.
Begin MonoManager ReloadAssembly
Native extension for WindowsStandalone target not found
Native extension for OSXStandalone target not found
Refreshing native plugins compatible for Editor in 0.50 ms, found 2 plugins.
Preloading 0 native plugins for Editor in 0.00 ms.
[ScriptCompilation] NOT recompiling all scripts because this is an import worker process. Reason to compile was: Define symbols changed
Mono: successfully reloaded assembly
- Completed reload, in  1.544 seconds
Platform modules already initialized, skipping
Refreshing native plugins compatible for Editor in 0.69 ms, found 2 plugins.
Preloading 0 native plugins for Editor in 0.00 ms.
Unloading 1516 Unused Serialized files (Serialized files now loaded: 0)
System memory in use before: 82.0 MB.
System memory in use after: 76.9 MB.

Unloading 44 unused Assets to reduce memory usage. Loaded Objects now: 1993.
Total: 8.290900 ms (FindLiveObjects: 0.506300 ms CreateObjectMapping: 0.172200 ms MarkObjects: 3.723500 ms  DeleteObjects: 3.886000 ms)

AssetImportParameters requested are different than current active one (requested -> active):
  colorSpace: 1 -> 0
========================================================================
Received Import Request.
  Time since last request: 13.737409 seconds.
  path: Assets/IL3DN/Audio
  artifactKey: Guid(b0591fbb8ab4acb439a2640bf09f7a8b) Importer(815301076,1909f56bfc062723c751e8b465ee728b)
Start importing Assets/IL3DN/Audio using Guid(b0591fbb8ab4acb439a2640bf09f7a8b) Importer(815301076,1909f56bfc062723c751e8b465ee728b)  -> (artifact id: '26a224d006695c68c5fd2ab4ad8684f3') in 0.012013 seconds
  Import took 0.015312 seconds .

========================================================================
Received Import Request.
  Time since last request: 23.741563 seconds.
  path: Assets/IL3DN/Graphics/Meshes/IL3DN_Collider.FBX
  artifactKey: Guid(af946611046df2249a895600d987feb0) Importer(815301076,1909f56bfc062723c751e8b465ee728b)
Start importing Assets/IL3DN/Graphics/Meshes/IL3DN_Collider.FBX using Guid(af946611046df2249a895600d987feb0) Importer(815301076,1909f56bfc062723c751e8b465ee728b)  -> (artifact id: '55c91057a865484bc492d1bd4183b729') in 0.195360 seconds
  Import took 0.200377 seconds .

========================================================================
Received Import Request.
  Time since last request: 0.000352 seconds.
  path: Assets/IL3DN/Graphics/Meshes/IL3DN_Plant_Grass_01.fbx
  artifactKey: Guid(ee1ab9831f94b1643895bf7b3a9d27e9) Importer(815301076,1909f56bfc062723c751e8b465ee728b)
Start importing Assets/IL3DN/Graphics/Meshes/IL3DN_Plant_Grass_01.fbx using Guid(ee1ab9831f94b1643895bf7b3a9d27e9) Importer(815301076,1909f56bfc062723c751e8b465ee728b)  -> (artifact id: '324780e404e4c5404c9345dde9456116') in 0.429123 seconds
  Import took 0.432924 seconds .

========================================================================
Received Import Request.
  Time since last request: 0.000382 seconds.
  path: Assets/IL3DN/Graphics/Meshes/IL3DN_Tree_Pine_01_OneMesh.FBX
  artifactKey: Guid(f11e24393ee20a94b9cbfd10c2f99f4a) Importer(815301076,1909f56bfc062723c751e8b465ee728b)
Start importing Assets/IL3DN/Graphics/Meshes/IL3DN_Tree_Pine_01_OneMesh.FBX using Guid(f11e24393ee20a94b9cbfd10c2f99f4a) Importer(815301076,1909f56bfc062723c751e8b465ee728b)  -> (artifact id: 'bf431988ec249d3380e14a7bd51c1029') in 0.925453 seconds
  Import took 0.931232 seconds .

========================================================================
Received Import Request.
  Time since last request: 0.000431 seconds.
  path: Assets/IL3DN/Graphics/Meshes/IL3DN_Plant_Grass_03.fbx
  artifactKey: Guid(ec784c7b88655ec4cb66660887fc5230) Importer(815301076,1909f56bfc062723c751e8b465ee728b)
Start importing Assets/IL3DN/Graphics/Meshes/IL3DN_Plant_Grass_03.fbx using Guid(ec784c7b88655ec4cb66660887fc5230) Importer(815301076,1909f56bfc062723c751e8b465ee728b)  -> (artifact id: 'a86dad8c66a6db55aac7f9ddef9be44c') in 0.088051 seconds
  Import took 0.094394 seconds .

========================================================================
Received Import Request.
  Time since last request: 0.000412 seconds.
  path: Assets/IL3DN/Graphics/Meshes/IL3DN_GroundPatch.FBX
  artifactKey: Guid(0da06f2ff0ecf1041ab9326237b87a16) Importer(815301076,1909f56bfc062723c751e8b465ee728b)
Start importing Assets/IL3DN/Graphics/Meshes/IL3DN_GroundPatch.FBX using Guid(0da06f2ff0ecf1041ab9326237b87a16) Importer(815301076,1909f56bfc062723c751e8b465ee728b)  -> (artifact id: '4f72f9ca5013fe2584aff9bd39b9ba1c') in 0.046355 seconds
  Import took 0.051098 seconds .

========================================================================
Received Import Request.
  Time since last request: 0.000464 seconds.
  path: Assets/IL3DN/Graphics/Meshes/IL3DN_Plant_Grass_02.fbx
  artifactKey: Guid(b6a1e1d012011ea44ade9de6cd00137c) Importer(815301076,1909f56bfc062723c751e8b465ee728b)
Start importing Assets/IL3DN/Graphics/Meshes/IL3DN_Plant_Grass_02.fbx using Guid(b6a1e1d012011ea44ade9de6cd00137c) Importer(815301076,1909f56bfc062723c751e8b465ee728b)  -> (artifact id: '7c4e257b08c62c32bd68ea608863ee9a') in 0.097767 seconds
  Import took 0.104048 seconds .

========================================================================
Received Import Request.
  Time since last request: 0.000466 seconds.
  path: Assets/IL3DN/Graphics/Meshes/IL3DN_Tree_Pine_03_OneMesh.FBX
  artifactKey: Guid(854c706ddb05fa4499ec86dd9ef9f690) Importer(815301076,1909f56bfc062723c751e8b465ee728b)
Start importing Assets/IL3DN/Graphics/Meshes/IL3DN_Tree_Pine_03_OneMesh.FBX using Guid(854c706ddb05fa4499ec86dd9ef9f690) Importer(815301076,1909f56bfc062723c751e8b465ee728b)  -> (artifact id: '2e83a5e38b2dcfe153cba9d56b8eda7f') in 0.106956 seconds
  Import took 0.113516 seconds .

========================================================================
Received Import Request.
  Time since last request: 18.204245 seconds.
  path: Assets/3rdPerson+Fly/Textures/char_shadow_darker.png
  artifactKey: Guid(d585d2695f979e542b4bd075efd2bcc4) Importer(815301076,1909f56bfc062723c751e8b465ee728b)
Start importing Assets/3rdPerson+Fly/Textures/char_shadow_darker.png using Guid(d585d2695f979e542b4bd075efd2bcc4) Importer(815301076,1909f56bfc062723c751e8b465ee728b)  -> (artifact id: '038d39195683b7d0d0098b656eea3dbb') in 0.023709 seconds
  Import took 0.027360 seconds .

========================================================================
Received Import Request.
  Time since last request: 0.000352 seconds.
  path: Assets/IL3DN/Graphics/Textures/IL3DN_Bark_Pine.psd
  artifactKey: Guid(e632c8e2a28f7e445a58672b91bfd65e) Importer(815301076,1909f56bfc062723c751e8b465ee728b)
Start importing Assets/IL3DN/Graphics/Textures/IL3DN_Bark_Pine.psd using Guid(e632c8e2a28f7e445a58672b91bfd65e) Importer(815301076,1909f56bfc062723c751e8b465ee728b)  -> (artifact id: 'bc3a20e87940f1d1d45b0caf1f51233c') in 0.033239 seconds
  Import took 0.037312 seconds .

========================================================================
Received Import Request.
  Time since last request: 0.000376 seconds.
  path: Assets/3rdPerson+Fly/Textures/char_shadow_ligther.png
  artifactKey: Guid(5fa5f49fd43855249b3637ed79c7706a) Importer(815301076,1909f56bfc062723c751e8b465ee728b)
Start importing Assets/3rdPerson+Fly/Textures/char_shadow_ligther.png using Guid(5fa5f49fd43855249b3637ed79c7706a) Importer(815301076,1909f56bfc062723c751e8b465ee728b)  -> (artifact id: '107e84782c83d9a66f93d6bf09820388') in 0.015016 seconds
  Import took 0.018811 seconds .

========================================================================
Received Import Request.
  Time since last request: 0.000365 seconds.
  path: Assets/3rdPerson+Fly/Textures/env_DarkTile.png
  artifactKey: Guid(121916f4a6aaeb449ab44e28dc1d9ab3) Importer(815301076,1909f56bfc062723c751e8b465ee728b)
Start importing Assets/3rdPerson+Fly/Textures/env_DarkTile.png using Guid(121916f4a6aaeb449ab44e28dc1d9ab3) Importer(815301076,1909f56bfc062723c751e8b465ee728b)  -> (artifact id: '7dd94b2c510ddd521af88e5c0992393a') in 0.015642 seconds
  Import took 0.019726 seconds .

========================================================================
Received Import Request.
  Time since last request: 0.000347 seconds.
  path: Assets/3rdPerson+Fly/Textures/env_LightTile.png
  artifactKey: Guid(bb58717e3152d994b844301b27a4bae1) Importer(815301076,1909f56bfc062723c751e8b465ee728b)
Start importing Assets/3rdPerson+Fly/Textures/env_LightTile.png using Guid(bb58717e3152d994b844301b27a4bae1) Importer(815301076,1909f56bfc062723c751e8b465ee728b)  -> (artifact id: '731d8902f94cfb4f8bc30225f64780a6') in 0.016456 seconds
  Import took 0.019794 seconds .

========================================================================
Received Import Request.
  Time since last request: 0.000575 seconds.
  path: Assets/IL3DN/Graphics/Textures/IL3DN_Backdrop.png
  artifactKey: Guid(6b7835b292988be4e811a364b30621d9) Importer(815301076,1909f56bfc062723c751e8b465ee728b)
Start importing Assets/IL3DN/Graphics/Textures/IL3DN_Backdrop.png using Guid(6b7835b292988be4e811a364b30621d9) Importer(815301076,1909f56bfc062723c751e8b465ee728b)  -> (artifact id: '99e0d8d0fab7faa37a11871162a9736c') in 0.158010 seconds
  Import took 0.161817 seconds .

========================================================================
Received Import Request.
  Time since last request: 0.000262 seconds.
  path: Assets/3rdPerson+Fly/Textures/char_shadow_ligther.png
  artifactKey: Guid(5fa5f49fd43855249b3637ed79c7706a) Importer(815301076,1909f56bfc062723c751e8b465ee728b)
Start importing Assets/3rdPerson+Fly/Textures/char_shadow_ligther.png using Guid(5fa5f49fd43855249b3637ed79c7706a) Importer(815301076,1909f56bfc062723c751e8b465ee728b)  -> (artifact id: '107e84782c83d9a66f93d6bf09820388') in 0.008629 seconds
  Import took 0.012082 seconds .

========================================================================
Received Import Request.
  Time since last request: 0.000248 seconds.
  path: Assets/3rdPerson+Fly/Textures/char_shadow_darker.png
  artifactKey: Guid(d585d2695f979e542b4bd075efd2bcc4) Importer(815301076,1909f56bfc062723c751e8b465ee728b)
Start importing Assets/3rdPerson+Fly/Textures/char_shadow_darker.png using Guid(d585d2695f979e542b4bd075efd2bcc4) Importer(815301076,1909f56bfc062723c751e8b465ee728b)  -> (artifact id: '038d39195683b7d0d0098b656eea3dbb') in 0.009394 seconds
  Import took 0.012758 seconds .

========================================================================
Received Import Request.
  Time since last request: 0.000262 seconds.
  path: Assets/3rdPerson+Fly/Textures/decal_crosshair.png
  artifactKey: Guid(145fa8a1dfcf6c3459f8df4ac782dba2) Importer(815301076,1909f56bfc062723c751e8b465ee728b)
Start importing Assets/3rdPerson+Fly/Textures/decal_crosshair.png using Guid(145fa8a1dfcf6c3459f8df4ac782dba2) Importer(815301076,1909f56bfc062723c751e8b465ee728b)  -> (artifact id: '05cbaa892ab4dc1fa8c2f4d74f3e8654') in 0.014418 seconds
  Import took 0.017795 seconds .

========================================================================
Received Import Request.
  Time since last request: 0.000322 seconds.
  path: Assets/IL3DN/Graphics/Textures/IL3DN_FX_GradientRadial.psd
  artifactKey: Guid(f28423396372f574b88e3b41854652e8) Importer(815301076,1909f56bfc062723c751e8b465ee728b)
Start importing Assets/IL3DN/Graphics/Textures/IL3DN_FX_GradientRadial.psd using Guid(f28423396372f574b88e3b41854652e8) Importer(815301076,1909f56bfc062723c751e8b465ee728b)  -> (artifact id: '2f6d07ade4a6c4388eaac671c47d5a78') in 0.017431 seconds
  Import took 0.020743 seconds .

========================================================================
Received Import Request.
  Time since last request: 0.000344 seconds.
  path: Assets/3rdPerson+Fly/Textures/gamepad.png
  artifactKey: Guid(29cf0593d32107a4194c6eda267fbb08) Importer(815301076,1909f56bfc062723c751e8b465ee728b)
Start importing Assets/3rdPerson+Fly/Textures/gamepad.png using Guid(29cf0593d32107a4194c6eda267fbb08) Importer(815301076,1909f56bfc062723c751e8b465ee728b)  -> (artifact id: '47495fefe0698ee147067775a1399d28') in 0.033026 seconds
  Import took 0.036666 seconds .

========================================================================
Received Import Request.
  Time since last request: 0.029946 seconds.
  path: Assets/3rdPerson+Fly/Textures/gamepad.png
  artifactKey: Guid(29cf0593d32107a4194c6eda267fbb08) Importer(815301076,1909f56bfc062723c751e8b465ee728b)
Start importing Assets/3rdPerson+Fly/Textures/gamepad.png using Guid(29cf0593d32107a4194c6eda267fbb08) Importer(815301076,1909f56bfc062723c751e8b465ee728b)  -> (artifact id: '47495fefe0698ee147067775a1399d28') in 0.026129 seconds
  Import took 0.030945 seconds .

========================================================================
Received Import Request.
  Time since last request: 0.867050 seconds.
  path: Assets/IL3DN/Graphics/Textures/IL3DN_Grass_01.psd
  artifactKey: Guid(a73c218e0d8156240a793d22710686d1) Importer(815301076,1909f56bfc062723c751e8b465ee728b)
Start importing Assets/IL3DN/Graphics/Textures/IL3DN_Grass_01.psd using Guid(a73c218e0d8156240a793d22710686d1) Importer(815301076,1909f56bfc062723c751e8b465ee728b)  -> (artifact id: 'f0127064c890eb176f32a274ace1dada') in 0.028495 seconds
  Import took 0.033897 seconds .

========================================================================
Received Import Request.
  Time since last request: 0.000469 seconds.
  path: Assets/IL3DN/Graphics/Textures/IL3DN_Grass_02.psd
  artifactKey: Guid(2038a37a87e1eff4fa5efd69c9d1312e) Importer(815301076,1909f56bfc062723c751e8b465ee728b)
Start importing Assets/IL3DN/Graphics/Textures/IL3DN_Grass_02.psd using Guid(2038a37a87e1eff4fa5efd69c9d1312e) Importer(815301076,1909f56bfc062723c751e8b465ee728b)  -> (artifact id: 'd39d06d1dd3466e8339c47622c37a565') in 0.031666 seconds
  Import took 0.037781 seconds .

========================================================================
Received Import Request.
  Time since last request: 0.000575 seconds.
  path: Assets/IL3DN/Graphics/Textures/IL3DN_Grass_03.psd
  artifactKey: Guid(3ab525614e685014da4ff51a15e353f9) Importer(815301076,1909f56bfc062723c751e8b465ee728b)
Start importing Assets/IL3DN/Graphics/Textures/IL3DN_Grass_03.psd using Guid(3ab525614e685014da4ff51a15e353f9) Importer(815301076,1909f56bfc062723c751e8b465ee728b)  -> (artifact id: '085d8c6493aef426ef546ec6c8c0f0e5') in 0.028290 seconds
  Import took 0.034489 seconds .

========================================================================
Received Import Request.
  Time since last request: 0.000490 seconds.
  path: Assets/IL3DN/Graphics/Textures/IL3DN_Grass_01.psd
  artifactKey: Guid(a73c218e0d8156240a793d22710686d1) Importer(815301076,1909f56bfc062723c751e8b465ee728b)
Start importing Assets/IL3DN/Graphics/Textures/IL3DN_Grass_01.psd using Guid(a73c218e0d8156240a793d22710686d1) Importer(815301076,1909f56bfc062723c751e8b465ee728b)  -> (artifact id: 'f0127064c890eb176f32a274ace1dada') in 0.024629 seconds
  Import took 0.031446 seconds .

========================================================================
Received Import Request.
  Time since last request: 0.008727 seconds.
  path: Assets/IL3DN/Graphics/Textures/IL3DN_Grass_02.psd
  artifactKey: Guid(2038a37a87e1eff4fa5efd69c9d1312e) Importer(815301076,1909f56bfc062723c751e8b465ee728b)
Start importing Assets/IL3DN/Graphics/Textures/IL3DN_Grass_02.psd using Guid(2038a37a87e1eff4fa5efd69c9d1312e) Importer(815301076,1909f56bfc062723c751e8b465ee728b)  -> (artifact id: 'd39d06d1dd3466e8339c47622c37a565') in 0.023645 seconds
  Import took 0.029420 seconds .

========================================================================
Received Import Request.
  Time since last request: 0.226043 seconds.
  path: Assets/IL3DN/Graphics/Textures/IL3DN_Pine_01.psd
  artifactKey: Guid(f6ca14d1b28767248b6da146831632a1) Importer(815301076,1909f56bfc062723c751e8b465ee728b)
Start importing Assets/IL3DN/Graphics/Textures/IL3DN_Pine_01.psd using Guid(f6ca14d1b28767248b6da146831632a1) Importer(815301076,1909f56bfc062723c751e8b465ee728b)  -> (artifact id: '8bb36824593cba2d5d2140c7d2ad74d5') in 0.028096 seconds
  Import took 0.034123 seconds .

========================================================================
Received Import Request.
  Time since last request: 0.000474 seconds.
  path: Assets/3rdPerson+Fly/Textures/keys.png
  artifactKey: Guid(a13c0ef82261a884d95d2f33f5d5c662) Importer(815301076,1909f56bfc062723c751e8b465ee728b)
Start importing Assets/3rdPerson+Fly/Textures/keys.png using Guid(a13c0ef82261a884d95d2f33f5d5c662) Importer(815301076,1909f56bfc062723c751e8b465ee728b)  -> (artifact id: '11a62ebc07cd0c3a8c0706f3aa7406e0') in 0.038815 seconds
  Import took 0.044380 seconds .

========================================================================
Received Import Request.
  Time since last request: 0.000420 seconds.
  path: Assets/IL3DN/Graphics/Textures/IL3DN_WindNoise.psd
  artifactKey: Guid(e5055e0d246bd1047bdb28057a93753c) Importer(815301076,1909f56bfc062723c751e8b465ee728b)
Start importing Assets/IL3DN/Graphics/Textures/IL3DN_WindNoise.psd using Guid(e5055e0d246bd1047bdb28057a93753c) Importer(815301076,1909f56bfc062723c751e8b465ee728b)  -> (artifact id: '04c36c0eba72dcf60293f57cc959b2e6') in 0.028580 seconds
  Import took 0.033875 seconds .

========================================================================
Received Import Request.
  Time since last request: 45.451655 seconds.
  path: Assets/IL3DN/Graphics/Prefabs/IL3DN_Collider.prefab
  artifactKey: Guid(70515aa1cce1f914facc841db543469c) Importer(815301076,1909f56bfc062723c751e8b465ee728b)
Start importing Assets/IL3DN/Graphics/Prefabs/IL3DN_Collider.prefab using Guid(70515aa1cce1f914facc841db543469c) Importer(815301076,1909f56bfc062723c751e8b465ee728b)  -> (artifact id: '6ee464e0b5cfbfaf3eb01672db832c0e') in 0.006200 seconds
  Import took 0.010749 seconds .

========================================================================
Received Import Request.
  Time since last request: 0.000382 seconds.
  path: Assets/IL3DN/Graphics/Prefabs/IL3DN_Plant_Grass_03.prefab
  artifactKey: Guid(3ed64830e8f834546a4581c03d58911b) Importer(815301076,1909f56bfc062723c751e8b465ee728b)
Start importing Assets/IL3DN/Graphics/Prefabs/IL3DN_Plant_Grass_03.prefab using Guid(3ed64830e8f834546a4581c03d58911b) Importer(815301076,1909f56bfc062723c751e8b465ee728b)  -> (artifact id: 'b5517a5c18c569a6c17cd3de957a0ce7') in 0.027082 seconds
  Import took 0.030965 seconds .

========================================================================
Received Import Request.
  Time since last request: 0.000360 seconds.
  path: Assets/IL3DN/Graphics/Prefabs/IL3DN_Plant_Grass_01.prefab
  artifactKey: Guid(9a32147e38101fd48876749fd208348d) Importer(815301076,1909f56bfc062723c751e8b465ee728b)
Start importing Assets/IL3DN/Graphics/Prefabs/IL3DN_Plant_Grass_01.prefab using Guid(9a32147e38101fd48876749fd208348d) Importer(815301076,1909f56bfc062723c751e8b465ee728b)  -> (artifact id: '0050a9c090d643009a89363365e171cb') in 0.026347 seconds
  Import took 0.030789 seconds .

========================================================================
Received Import Request.
  Time since last request: 0.000296 seconds.
  path: Assets/IL3DN/Graphics/Prefabs/IL3DN_GroundPatch.prefab
  artifactKey: Guid(9fe29fe01e83c3f4aa5c9d30e1f788b6) Importer(815301076,1909f56bfc062723c751e8b465ee728b)
Start importing Assets/IL3DN/Graphics/Prefabs/IL3DN_GroundPatch.prefab using Guid(9fe29fe01e83c3f4aa5c9d30e1f788b6) Importer(815301076,1909f56bfc062723c751e8b465ee728b)  -> (artifact id: 'f32c02bc7c718bb2211b1964fc1a069c') in 0.254889 seconds
  Import took 0.258975 seconds .

========================================================================
Received Import Request.
  Time since last request: 0.000300 seconds.
  path: Assets/IL3DN/Graphics/Prefabs/IL3DN_Tree_Pine_01_OneMesh.prefab
  artifactKey: Guid(de691dfc4f267f7428befc75c109cb1c) Importer(815301076,1909f56bfc062723c751e8b465ee728b)
Start importing Assets/IL3DN/Graphics/Prefabs/IL3DN_Tree_Pine_01_OneMesh.prefab using Guid(de691dfc4f267f7428befc75c109cb1c) Importer(815301076,1909f56bfc062723c751e8b465ee728b)  -> (artifact id: 'b602fd87b30d02aae3d1084186196074') in 0.033653 seconds
  Import took 0.037824 seconds .

========================================================================
Received Import Request.
  Time since last request: 0.000486 seconds.
  path: Assets/IL3DN/Graphics/Prefabs/IL3DN_Plant_Grass_02.prefab
  artifactKey: Guid(f82ec2f7ccf833540947ba343a46f303) Importer(815301076,1909f56bfc062723c751e8b465ee728b)
Start importing Assets/IL3DN/Graphics/Prefabs/IL3DN_Plant_Grass_02.prefab using Guid(f82ec2f7ccf833540947ba343a46f303) Importer(815301076,1909f56bfc062723c751e8b465ee728b)  -> (artifact id: 'fa0f69a7380b64f7203622f3af49e1a4') in 0.024326 seconds
  Import took 0.028414 seconds .

========================================================================
Received Import Request.
  Time since last request: 0.000549 seconds.
  path: Assets/IL3DN/Graphics/Prefabs/IL3DN_Tree_Pine_03_OneMesh.prefab
  artifactKey: Guid(178d017993c740148b8829da619bf9db) Importer(815301076,1909f56bfc062723c751e8b465ee728b)
Start importing Assets/IL3DN/Graphics/Prefabs/IL3DN_Tree_Pine_03_OneMesh.prefab using Guid(178d017993c740148b8829da619bf9db) Importer(815301076,1909f56bfc062723c751e8b465ee728b)  -> (artifact id: 'be3598206dca2c3a60117a1f932864b5') in 0.035753 seconds
  Import took 0.039995 seconds .

========================================================================
Received Import Request.
  Time since last request: 0.000318 seconds.
  path: Assets/IL3DN/Graphics/Prefabs/IL3DN_GodRays.prefab
  artifactKey: Guid(bef6de7beed1e58438ce5878560da236) Importer(815301076,1909f56bfc062723c751e8b465ee728b)
Start importing Assets/IL3DN/Graphics/Prefabs/IL3DN_GodRays.prefab using Guid(bef6de7beed1e58438ce5878560da236) Importer(815301076,1909f56bfc062723c751e8b465ee728b)  -> (artifact id: '311f8a39721c804447899141de2ce741') in 0.017356 seconds
  Import took 0.021568 seconds .

========================================================================
Received Import Request.
  Time since last request: 1.145689 seconds.
  path: Assets/IL3DN/Graphics/Materials/IL3DN_Backdrop.mat
  artifactKey: Guid(b61829061d5dc774b866e5bb9257dfa1) Importer(815301076,1909f56bfc062723c751e8b465ee728b)
Start importing Assets/IL3DN/Graphics/Materials/IL3DN_Backdrop.mat using Guid(b61829061d5dc774b866e5bb9257dfa1) Importer(815301076,1909f56bfc062723c751e8b465ee728b)  -> (artifact id: 'ea175be1e145ca388f637965f4b018bc') in 0.064157 seconds
  Import took 0.068153 seconds .

========================================================================
Received Import Request.
  Time since last request: 0.000382 seconds.
  path: Assets/IL3DN/Graphics/Materials/IL3DN_Plant_Grass_02.mat
  artifactKey: Guid(b599d9a28d2afd24ab0a53fd5a5ce3ea) Importer(815301076,1909f56bfc062723c751e8b465ee728b)
Start importing Assets/IL3DN/Graphics/Materials/IL3DN_Plant_Grass_02.mat using Guid(b599d9a28d2afd24ab0a53fd5a5ce3ea) Importer(815301076,1909f56bfc062723c751e8b465ee728b)  -> (artifact id: 'a807abddc87131b6bc7217cb5089cfe9') in 0.026381 seconds
  Import took 0.031809 seconds .

========================================================================
Received Import Request.
  Time since last request: 0.000392 seconds.
  path: Assets/IL3DN/Graphics/Materials/IL3DN_Sky_Procedural.mat
  artifactKey: Guid(221f9488657b1f1498bb5860cf4c5ff3) Importer(815301076,1909f56bfc062723c751e8b465ee728b)
Start importing Assets/IL3DN/Graphics/Materials/IL3DN_Sky_Procedural.mat using Guid(221f9488657b1f1498bb5860cf4c5ff3) Importer(815301076,1909f56bfc062723c751e8b465ee728b)  -> (artifact id: '7731bb7f9347020168503702d355252c') in 0.196994 seconds
  Import took 0.201488 seconds .

========================================================================
Received Import Request.
  Time since last request: 0.000454 seconds.
  path: Assets/IL3DN/Graphics/Materials/IL3DN_Plant_Grass_01.mat
  artifactKey: Guid(67e642841af2acc4492399d0ff294789) Importer(815301076,1909f56bfc062723c751e8b465ee728b)
Start importing Assets/IL3DN/Graphics/Materials/IL3DN_Plant_Grass_01.mat using Guid(67e642841af2acc4492399d0ff294789) Importer(815301076,1909f56bfc062723c751e8b465ee728b)  -> (artifact id: 'a812c45618590b5b4b12adec0dbf4e11') in 0.038805 seconds
  Import took 0.044946 seconds .

========================================================================
Received Import Request.
  Time since last request: 0.000525 seconds.
  path: Assets/IL3DN/Graphics/Materials/IL3DN_Tree_Pine_Bark.mat
  artifactKey: Guid(1d97d3e66d3177240ae59310c2388d2b) Importer(815301076,1909f56bfc062723c751e8b465ee728b)
Start importing Assets/IL3DN/Graphics/Materials/IL3DN_Tree_Pine_Bark.mat using Guid(1d97d3e66d3177240ae59310c2388d2b) Importer(815301076,1909f56bfc062723c751e8b465ee728b)  -> (artifact id: '2ca7069cf082b57cbc706591ae366c13') in 0.044732 seconds
  Import took 0.051194 seconds .

========================================================================
Received Import Request.
  Time since last request: 0.000514 seconds.
  path: Assets/IL3DN/Graphics/Materials/IL3DN_FX_Glow.mat
  artifactKey: Guid(2519c1f835cf63c45a81f4aac87488c0) Importer(815301076,1909f56bfc062723c751e8b465ee728b)
Start importing Assets/IL3DN/Graphics/Materials/IL3DN_FX_Glow.mat using Guid(2519c1f835cf63c45a81f4aac87488c0) Importer(815301076,1909f56bfc062723c751e8b465ee728b)  -> (artifact id: '99efb6204065ac5aaa6518177c555d4f') in 0.187427 seconds
  Import took 0.191744 seconds .

========================================================================
Received Import Request.
  Time since last request: 0.000432 seconds.
  path: Assets/IL3DN/Graphics/Materials/IL3DN_Tree_Pine_Leaf.mat
  artifactKey: Guid(49a047f6fab4c994cb92aa690ba93401) Importer(815301076,1909f56bfc062723c751e8b465ee728b)
Start importing Assets/IL3DN/Graphics/Materials/IL3DN_Tree_Pine_Leaf.mat using Guid(49a047f6fab4c994cb92aa690ba93401) Importer(815301076,1909f56bfc062723c751e8b465ee728b)  -> (artifact id: '7f78e31499d0a9943aee7f5c2978644c') in 0.025527 seconds
  Import took 0.029333 seconds .

========================================================================
Received Import Request.
  Time since last request: 0.000297 seconds.
  path: Assets/IL3DN/Graphics/Materials/IL3DN_Plant_Grass_03.mat
  artifactKey: Guid(a1caf223de02ae34384ec42b6f035826) Importer(815301076,1909f56bfc062723c751e8b465ee728b)
Start importing Assets/IL3DN/Graphics/Materials/IL3DN_Plant_Grass_03.mat using Guid(a1caf223de02ae34384ec42b6f035826) Importer(815301076,1909f56bfc062723c751e8b465ee728b)  -> (artifact id: 'afb2f76fcc91c897b0278d972a841523') in 0.022914 seconds
  Import took 0.026654 seconds .

========================================================================
Received Import Request.
  Time since last request: 0.000354 seconds.
  path: Assets/IL3DN/Graphics/Materials/IL3DN_Ground_Grass.mat
  artifactKey: Guid(cef2b4aff14b59b469823ac58c967d48) Importer(815301076,1909f56bfc062723c751e8b465ee728b)
Start importing Assets/IL3DN/Graphics/Materials/IL3DN_Ground_Grass.mat using Guid(cef2b4aff14b59b469823ac58c967d48) Importer(815301076,1909f56bfc062723c751e8b465ee728b)  -> (artifact id: '55ad43606a604500981d51c613f9e72b') in 0.027262 seconds
  Import took 0.031083 seconds .

========================================================================
Received Prepare
Registering precompiled user dll's ...
Registered in 0.019558 seconds.
Begin MonoManager ReloadAssembly
Native extension for WindowsStandalone target not found
Native extension for OSXStandalone target not found
Refreshing native plugins compatible for Editor in 0.70 ms, found 2 plugins.
Preloading 0 native plugins for Editor in 0.00 ms.
[ScriptCompilation] NOT recompiling all scripts because this is an import worker process. Reason to compile was: Define symbols changed
Mono: successfully reloaded assembly
- Completed reload, in  2.033 seconds
Platform modules already initialized, skipping
Refreshing native plugins compatible for Editor in 0.67 ms, found 2 plugins.
Preloading 0 native plugins for Editor in 0.00 ms.
Unloading 1516 Unused Serialized files (Serialized files now loaded: 0)
System memory in use before: 82.5 MB.
System memory in use after: 80.5 MB.

Unloading 40 unused Assets to reduce memory usage. Loaded Objects now: 2007.
Total: 6.006100 ms (FindLiveObjects: 0.570900 ms CreateObjectMapping: 0.157200 ms MarkObjects: 4.026300 ms  DeleteObjects: 1.248500 ms)

AssetImportParameters requested are different than current active one (requested -> active):
  colorSpace: 1 -> 0
========================================================================
Received Prepare
Registering precompiled user dll's ...
Registered in 0.006325 seconds.
Begin MonoManager ReloadAssembly
Native extension for WindowsStandalone target not found
Native extension for OSXStandalone target not found
Refreshing native plugins compatible for Editor in 0.69 ms, found 2 plugins.
Preloading 0 native plugins for Editor in 0.00 ms.
[ScriptCompilation] NOT recompiling all scripts because this is an import worker process. Reason to compile was: Define symbols changed
Mono: successfully reloaded assembly
- Completed reload, in  1.462 seconds
Platform modules already initialized, skipping
Refreshing native plugins compatible for Editor in 0.43 ms, found 2 plugins.
Preloading 0 native plugins for Editor in 0.00 ms.
Unloading 1512 Unused Serialized files (Serialized files now loaded: 0)
System memory in use before: 82.1 MB.
System memory in use after: 80.1 MB.

Unloading 40 unused Assets to reduce memory usage. Loaded Objects now: 2010.
Total: 3.784700 ms (FindLiveObjects: 0.321700 ms CreateObjectMapping: 0.081300 ms MarkObjects: 2.518100 ms  DeleteObjects: 0.860800 ms)

AssetImportParameters requested are different than current active one (requested -> active):
  colorSpace: 1 -> 0
AssetImportWorkerClient::OnTransportError - code=2 error=End of file
